<?xml version="1.0" encoding="UTF-8"?>
<!-- Generated by org.testng.reporters.JUnitXMLReporter -->
<testsuite ignored="16" hostname="bhas" failures="0" tests="1" name="Default test" time="4.636" errors="0" timestamp="2024-04-18T14:59:38 IST">
  <testcase classname="calculator.CalculatorTests" name="testcalculator_AddZero" time="0.343"/>
  <testcase classname="calculator.CalculatorTests" name="testcalculator_Add" time="0.0">
    <ignored/>
  </testcase> <!-- testcalculator_Add -->
  <testcase classname="calculator.CalculatorTests" name="testcalculator_zerosubtractIntResult" time="0.0">
    <ignored/>
  </testcase> <!-- testcalculator_zerosubtractIntResult -->
  <testcase classname="calculator.CalculatorTests" name="testcalculator_Integration2Series" time="0.0">
    <ignored/>
  </testcase> <!-- testcalculator_Integration2Series -->
  <testcase classname="calculator.CalculatorTests" name="testcalculator_divide" time="0.0">
    <ignored/>
  </testcase> <!-- testcalculator_divide -->
  <testcase classname="calculator.CalculatorTests" name="testcalculator_FloatDivide" time="0.0">
    <ignored/>
  </testcase> <!-- testcalculator_FloatDivide -->
  <testcase classname="calculator.CalculatorTests" name="testcalculator_multiply" time="0.0">
    <ignored/>
  </testcase> <!-- testcalculator_multiply -->
  <testcase classname="calculator.CalculatorTests" name="testcalculator_Integration1" time="0.0">
    <ignored/>
  </testcase> <!-- testcalculator_Integration1 -->
  <testcase classname="calculator.CalculatorTests" name="testcalculator_subtract" time="0.0">
    <ignored/>
  </testcase> <!-- testcalculator_subtract -->
  <testcase classname="calculator.CalculatorTests" name="testcalculator_Load" time="0.0">
    <ignored/>
  </testcase> <!-- testcalculator_Load -->
  <testcase classname="calculator.CalculatorTests" name="testcalculator_BigNumberTest" time="0.0">
    <ignored/>
  </testcase> <!-- testcalculator_BigNumberTest -->
  <testcase classname="calculator.CalculatorTests" name="testcalculator_divideZero" time="0.0">
    <ignored/>
  </testcase> <!-- testcalculator_divideZero -->
  <testcase classname="calculator.CalculatorTests" name="testNumberButtonsDisplay" time="0.0">
    <ignored/>
  </testcase> <!-- testNumberButtonsDisplay -->
  <testcase classname="calculator.CalculatorTests" name="testcalculator_addMultiplyIntegration" time="0.0">
    <ignored/>
  </testcase> <!-- testcalculator_addMultiplyIntegration -->
  <testcase classname="calculator.CalculatorTests" name="testcalculator_AddFloat" time="0.0">
    <ignored/>
  </testcase> <!-- testcalculator_AddFloat -->
  <testcase classname="calculator.CalculatorTests" name="testcalculator_zerosubtractStringResult" time="0.0">
    <ignored/>
  </testcase> <!-- testcalculator_zerosubtractStringResult -->
  <testcase classname="calculator.CalculatorTests" name="testcalculator_Zeromultiply" time="0.0">
    <ignored/>
  </testcase> <!-- testcalculator_Zeromultiply -->
</testsuite> <!-- Default test -->
