<?xml version="1.0" encoding="UTF-8"?>
<testng-results ignored="16" total="17" passed="1" failed="0" skipped="0">
  <reporter-output>
  </reporter-output>
  <suite started-at="2024-04-18T14:59:34 IST" name="Default suite" finished-at="2024-04-18T14:59:38 IST" duration-ms="4636">
    <groups>
    </groups>
    <test started-at="2024-04-18T14:59:34 IST" name="Default test" finished-at="2024-04-18T14:59:38 IST" duration-ms="4636">
      <class name="calculator.CalculatorTests">
        <test-method is-config="true" signature="initDriver()[pri:0, instance:calculator.CalculatorTests@1ca3b418]" started-at="2024-04-18T14:59:34 IST" name="initDriver" finished-at="2024-04-18T14:59:38 IST" duration-ms="4035" status="PASS">
          <reporter-output>
          </reporter-output>
        </test-method> <!-- initDriver -->
        <test-method is-config="true" signature="initialize()[pri:0, instance:calculator.CalculatorTests@1ca3b418]" started-at="2024-04-18T14:59:38 IST" name="initialize" finished-at="2024-04-18T14:59:38 IST" duration-ms="23" status="PASS">
          <reporter-output>
          </reporter-output>
        </test-method> <!-- initialize -->
        <test-method signature="testcalculator_AddZero()[pri:0, instance:calculator.CalculatorTests@1ca3b418]" started-at="2024-04-18T14:59:38 IST" name="testcalculator_AddZero" finished-at="2024-04-18T14:59:38 IST" duration-ms="343" status="PASS">
          <reporter-output>
          </reporter-output>
        </test-method> <!-- testcalculator_AddZero -->
        <test-method is-config="true" signature="tearDown()[pri:0, instance:calculator.CalculatorTests@1ca3b418]" started-at="2024-04-18T14:59:38 IST" name="tearDown" finished-at="2024-04-18T14:59:38 IST" duration-ms="194" status="PASS">
          <reporter-output>
          </reporter-output>
        </test-method> <!-- tearDown -->
      </class> <!-- calculator.CalculatorTests -->
    </test> <!-- Default test -->
  </suite> <!-- Default suite -->
</testng-results>
